<?xml version="1.0" encoding="UTF-8"?>
<testng-results ignored="0" total="2" passed="2" failed="0" skipped="0">
  <reporter-output>
  </reporter-output>
  <suite started-at="2025-02-24T21:07:58 IST" name="Default suite" finished-at="2025-02-24T21:08:03 IST" duration-ms="4694">
    <groups>
    </groups>
    <test started-at="2025-02-24T21:07:58 IST" name="Default test" finished-at="2025-02-24T21:08:03 IST" duration-ms="4694">
      <class name="com.log4j.Selenium_log4j_Google">
        <test-method is-config="true" signature="setup()[pri:0, instance:com.log4j.Selenium_log4j_Google@65a4798f]" started-at="2025-02-24T21:07:58 IST" name="setup" finished-at="2025-02-24T21:08:00 IST" duration-ms="1898" status="PASS">
          <reporter-output>
          </reporter-output>
        </test-method> <!-- setup -->
        <test-method signature="Browser_Launch()[pri:0, instance:com.log4j.Selenium_log4j_Google@65a4798f]" started-at="2025-02-24T21:08:00 IST" name="Browser_Launch" finished-at="2025-02-24T21:08:02 IST" duration-ms="2647" status="PASS">
          <reporter-output>
          </reporter-output>
        </test-method> <!-- Browser_Launch -->
        <test-method signature="Googletitle()[pri:0, instance:com.log4j.Selenium_log4j_Google@65a4798f]" started-at="2025-02-24T21:08:02 IST" name="Googletitle" finished-at="2025-02-24T21:08:02 IST" duration-ms="9" status="PASS">
          <reporter-output>
          </reporter-output>
        </test-method> <!-- Googletitle -->
        <test-method is-config="true" signature="teardown()[pri:0, instance:com.log4j.Selenium_log4j_Google@65a4798f]" started-at="2025-02-24T21:08:02 IST" name="teardown" finished-at="2025-02-24T21:08:03 IST" duration-ms="112" status="PASS">
          <reporter-output>
          </reporter-output>
        </test-method> <!-- teardown -->
      </class> <!-- com.log4j.Selenium_log4j_Google -->
    </test> <!-- Default test -->
  </suite> <!-- Default suite -->
</testng-results>
